This is pdfTeX, Version 3.1415926-1.40.11 (TeX Live 2010) (format=pdflatex 2010.10.4)  6 DEC 2013 23:49
entering extended mode
 restricted \write18 enabled.
 %&-line parsing enabled.
**impute.tex
(./impute.tex
LaTeX2e <2009/09/24>
Babel <v3.8l> and hyphenation patterns for english, dumylang, nohyphenation, ge
rman-x-2009-06-19, ngerman-x-2009-06-19, afrikaans, ancientgreek, ibycus, arabi
c, armenian, basque, bulgarian, catalan, pinyin, coptic, croatian, czech, danis
h, dutch, ukenglish, usenglishmax, esperanto, estonian, farsi, finnish, french,
 galician, german, ngerman, swissgerman, monogreek, greek, hungarian, icelandic
, assamese, bengali, gujarati, hindi, kannada, malayalam, marathi, oriya, panja
bi, tamil, telugu, indonesian, interlingua, irish, italian, kurmanji, lao, lati
n, latvian, lithuanian, mongolian, mongolianlmc, bokmal, nynorsk, polish, portu
guese, romanian, russian, sanskrit, serbian, slovak, slovenian, spanish, swedis
h, turkish, turkmen, ukrainian, uppersorbian, welsh, loaded.
(/h0a/stow/swtree/stow/texlive/tl2010/texmf-dist/tex/latex/base/article.cls
Document Class: article 2007/10/19 v1.4h Standard LaTeX document class
(/h0a/stow/swtree/stow/texlive/tl2010/texmf-dist/tex/latex/base/size12.clo
File: size12.clo 2007/10/19 v1.4h Standard LaTeX file (size option)
)
\c@part=\count79
\c@section=\count80
\c@subsection=\count81
\c@subsubsection=\count82
\c@paragraph=\count83
\c@subparagraph=\count84
\c@figure=\count85
\c@table=\count86
\abovecaptionskip=\skip41
\belowcaptionskip=\skip42
\bibindent=\dimen102
)
(/h0a/stow/swtree/stow/texlive/tl2010/texmf-dist/tex/latex/amsfonts/amssymb.sty
Package: amssymb 2009/06/22 v3.00

(/h0a/stow/swtree/stow/texlive/tl2010/texmf-dist/tex/latex/amsfonts/amsfonts.st
y
Package: amsfonts 2009/06/22 v3.00 Basic AMSFonts support
\@emptytoks=\toks14
\symAMSa=\mathgroup4
\symAMSb=\mathgroup5
LaTeX Font Info:    Overwriting math alphabet `\mathfrak' in version `bold'
(Font)                  U/euf/m/n --> U/euf/b/n on input line 96.
))
(/h0a/stow/swtree/stow/texlive/tl2010/texmf-dist/tex/latex/amsmath/amsmath.sty
Package: amsmath 2000/07/18 v2.13 AMS math features
\@mathmargin=\skip43

For additional information on amsmath, use the `?' option.
(/h0a/stow/swtree/stow/texlive/tl2010/texmf-dist/tex/latex/amsmath/amstext.sty
Package: amstext 2000/06/29 v2.01

(/h0a/stow/swtree/stow/texlive/tl2010/texmf-dist/tex/latex/amsmath/amsgen.sty
File: amsgen.sty 1999/11/30 v2.0
\@emptytoks=\toks15
\ex@=\dimen103
)) (/h0a/stow/swtree/stow/texlive/tl2010/texmf-dist/tex/latex/amsmath/amsbsy.st
y
Package: amsbsy 1999/11/29 v1.2d
\pmbraise@=\dimen104
) (/h0a/stow/swtree/stow/texlive/tl2010/texmf-dist/tex/latex/amsmath/amsopn.sty
Package: amsopn 1999/12/14 v2.01 operator names
)
\inf@bad=\count87
LaTeX Info: Redefining \frac on input line 211.
\uproot@=\count88
\leftroot@=\count89
LaTeX Info: Redefining \overline on input line 307.
\classnum@=\count90
\DOTSCASE@=\count91
LaTeX Info: Redefining \ldots on input line 379.
LaTeX Info: Redefining \dots on input line 382.
LaTeX Info: Redefining \cdots on input line 467.
\Mathstrutbox@=\box26
\strutbox@=\box27
\big@size=\dimen105
LaTeX Font Info:    Redeclaring font encoding OML on input line 567.
LaTeX Font Info:    Redeclaring font encoding OMS on input line 568.
\macc@depth=\count92
\c@MaxMatrixCols=\count93
\dotsspace@=\muskip10
\c@parentequation=\count94
\dspbrk@lvl=\count95
\tag@help=\toks16
\row@=\count96
\column@=\count97
\maxfields@=\count98
\andhelp@=\toks17
\eqnshift@=\dimen106
\alignsep@=\dimen107
\tagshift@=\dimen108
\tagwidth@=\dimen109
\totwidth@=\dimen110
\lineht@=\dimen111
\@envbody=\toks18
\multlinegap=\skip44
\multlinetaggap=\skip45
\mathdisplay@stack=\toks19
LaTeX Info: Redefining \[ on input line 2666.
LaTeX Info: Redefining \] on input line 2667.
)
(/h0a/stow/swtree/stow/texlive/tl2010/texmf-dist/tex/latex/graphics/epsfig.sty
Package: epsfig 1999/02/16 v1.7a (e)psfig emulation (SPQR)

(/h0a/stow/swtree/stow/texlive/tl2010/texmf-dist/tex/latex/graphics/graphicx.st
y
Package: graphicx 1999/02/16 v1.0f Enhanced LaTeX Graphics (DPC,SPQR)

(/h0a/stow/swtree/stow/texlive/tl2010/texmf-dist/tex/latex/graphics/keyval.sty
Package: keyval 1999/03/16 v1.13 key=value parser (DPC)
\KV@toks@=\toks20
)
(/h0a/stow/swtree/stow/texlive/tl2010/texmf-dist/tex/latex/graphics/graphics.st
y
Package: graphics 2009/02/05 v1.0o Standard LaTeX Graphics (DPC,SPQR)
 (/h0a/stow/swtree/stow/texlive/tl2010/texmf-dist/tex/latex/graphics/trig.sty
Package: trig 1999/03/16 v1.09 sin cos tan (DPC)
)
(/h0a/stow/swtree/stow/texlive/tl2010/texmf-dist/tex/latex/latexconfig/graphics
.cfg
File: graphics.cfg 2010/04/23 v1.9 graphics configuration of TeX Live
)
Package graphics Info: Driver file: pdftex.def on input line 91.

(/h0a/stow/swtree/stow/texlive/tl2010/texmf-dist/tex/latex/pdftex-def/pdftex.de
f
File: pdftex.def 2010/09/14 v0.05b Graphics/color for pdfTeX
\Gread@gobject=\count99
))
\Gin@req@height=\dimen112
\Gin@req@width=\dimen113
)
\epsfxsize=\dimen114
\epsfysize=\dimen115
)
(/h0a/stow/swtree/stow/texlive/tl2010/texmf-dist/tex/latex/tools/array.sty
Package: array 2008/09/09 v2.4c Tabular extension package (FMi)
\col@sep=\dimen116
\extrarowheight=\dimen117
\NC@list=\toks21
\extratabsurround=\skip46
\backup@length=\skip47
)
(/h0a/stow/swtree/stow/texlive/tl2010/texmf-dist/tex/latex/base/ifthen.sty
Package: ifthen 2001/05/26 v1.1c Standard LaTeX ifthen package (DPC)
)
(/h0a/stow/swtree/stow/texlive/tl2010/texmf-dist/tex/latex/graphics/color.sty
Package: color 2005/11/14 v1.0j Standard LaTeX Color (DPC)

(/h0a/stow/swtree/stow/texlive/tl2010/texmf-dist/tex/latex/latexconfig/color.cf
g
File: color.cfg 2007/01/18 v1.5 color configuration of teTeX/TeXLive
)
Package color Info: Driver file: pdftex.def on input line 130.
)
(/h0a/stow/swtree/stow/texlive/tl2010/texmf-dist/tex/latex/fancyhdr/fancyhdr.st
y
\fancy@headwidth=\skip48
\f@ncyO@elh=\skip49
\f@ncyO@erh=\skip50
\f@ncyO@olh=\skip51
\f@ncyO@orh=\skip52
\f@ncyO@elf=\skip53
\f@ncyO@erf=\skip54
\f@ncyO@olf=\skip55
\f@ncyO@orf=\skip56
) (/h0a/stow/swtree/stow/texlive/tl2010/texmf-dist/tex/latex/mh/mathtools.sty
Package: mathtools 2010/07/21 v1.08b mathematical typesetting tools (MH)

(/h0a/stow/swtree/stow/texlive/tl2010/texmf-dist/tex/latex/tools/calc.sty
Package: calc 2007/08/22 v4.3 Infix arithmetic (KKT,FJ)
\calc@Acount=\count100
\calc@Bcount=\count101
\calc@Adimen=\dimen118
\calc@Bdimen=\dimen119
\calc@Askip=\skip57
\calc@Bskip=\skip58
LaTeX Info: Redefining \setlength on input line 76.
LaTeX Info: Redefining \addtolength on input line 77.
\calc@Ccount=\count102
\calc@Cskip=\skip59
)
(/h0a/stow/swtree/stow/texlive/tl2010/texmf-dist/tex/latex/mh/mhsetup.sty
Package: mhsetup 2010/01/21 v1.2a programming setup (MH)
)
\g_MT_multlinerow_int=\count103
\l_MT_multwidth_dim=\dimen120
)
(./impute.aux)
\openout1 = `impute.aux'.

LaTeX Font Info:    Checking defaults for OML/cmm/m/it on input line 18.
LaTeX Font Info:    ... okay on input line 18.
LaTeX Font Info:    Checking defaults for T1/cmr/m/n on input line 18.
LaTeX Font Info:    ... okay on input line 18.
LaTeX Font Info:    Checking defaults for OT1/cmr/m/n on input line 18.
LaTeX Font Info:    ... okay on input line 18.
LaTeX Font Info:    Checking defaults for OMS/cmsy/m/n on input line 18.
LaTeX Font Info:    ... okay on input line 18.
LaTeX Font Info:    Checking defaults for OMX/cmex/m/n on input line 18.
LaTeX Font Info:    ... okay on input line 18.
LaTeX Font Info:    Checking defaults for U/cmr/m/n on input line 18.
LaTeX Font Info:    ... okay on input line 18.

(/h0a/stow/swtree/stow/texlive/tl2010/texmf-dist/tex/context/base/supp-pdf.mkii
[Loading MPS to PDF converter (version 2006.09.02).]
\scratchcounter=\count104
\scratchdimen=\dimen121
\scratchbox=\box28
\nofMPsegments=\count105
\nofMParguments=\count106
\everyMPshowfont=\toks22
\MPscratchCnt=\count107
\MPscratchDim=\dimen122
\MPnumerator=\count108
\everyMPtoPDFconversion=\toks23
)
(/h0a/stow/swtree/stow/texlive/tl2010/texmf-dist/tex/generic/oberdiek/pdftexcmd
s.sty
Package: pdftexcmds 2010/04/01 v0.9 Utility functions of pdfTeX for LuaTeX (HO)


(/h0a/stow/swtree/stow/texlive/tl2010/texmf-dist/tex/generic/oberdiek/infwarerr
.sty
Package: infwarerr 2010/04/08 v1.3 Providing info/warning/message (HO)
)
(/h0a/stow/swtree/stow/texlive/tl2010/texmf-dist/tex/generic/oberdiek/ifluatex.
sty
Package: ifluatex 2010/03/01 v1.3 Provides the ifluatex switch (HO)
Package ifluatex Info: LuaTeX not detected.
)
(/h0a/stow/swtree/stow/texlive/tl2010/texmf-dist/tex/generic/oberdiek/ltxcmds.s
ty
Package: ltxcmds 2010/04/26 v1.7 LaTeX kernel commands for general use (HO)
)
Package pdftexcmds Info: LuaTeX not detected.
Package pdftexcmds Info: \pdf@primitive is available.
Package pdftexcmds Info: \pdf@ifprimitive is available.
)
(/h0a/stow/swtree/stow/texlive/tl2010/texmf-dist/tex/latex/oberdiek/epstopdf-ba
se.sty
Package: epstopdf-base 2010/02/09 v2.5 Base part for package epstopdf

(/h0a/stow/swtree/stow/texlive/tl2010/texmf-dist/tex/latex/oberdiek/grfext.sty
Package: grfext 2007/09/30 v1.0 Managing graphics extensions (HO)
)
(/h0a/stow/swtree/stow/texlive/tl2010/texmf-dist/tex/latex/oberdiek/kvoptions.s
ty
Package: kvoptions 2010/02/22 v3.7 Keyval support for LaTeX options (HO)

(/h0a/stow/swtree/stow/texlive/tl2010/texmf-dist/tex/generic/oberdiek/kvsetkeys
.sty
Package: kvsetkeys 2010/03/01 v1.9 Key value parser (HO)

(/h0a/stow/swtree/stow/texlive/tl2010/texmf-dist/tex/generic/oberdiek/etexcmds.
sty
Package: etexcmds 2010/01/28 v1.3 Prefix for e-TeX command names (HO)
Package etexcmds Info: Could not find \expanded.
(etexcmds)             That can mean that you are not using pdfTeX 1.50 or
(etexcmds)             that some package has redefined \expanded.
(etexcmds)             In the latter case, load this package earlier.
)))
Package grfext Info: Graphics extension search list:
(grfext)             [.png,.pdf,.jpg,.mps,.jpeg,.jbig2,.jb2,.PNG,.PDF,.JPG,.JPE
G,.JBIG2,.JB2,.eps]
(grfext)             \AppendGraphicsExtensions on input line 436.

(/h0a/stow/swtree/stow/texlive/tl2010/texmf-dist/tex/latex/latexconfig/epstopdf
-sys.cfg
File: epstopdf-sys.cfg 2010/07/13 v1.3 Configuration of (r)epstopdf for TeX Liv
e
))
LaTeX Font Info:    Try loading font information for U+msa on input line 19.

(/h0a/stow/swtree/stow/texlive/tl2010/texmf-dist/tex/latex/amsfonts/umsa.fd
File: umsa.fd 2009/06/22 v3.00 AMS symbols A
)
LaTeX Font Info:    Try loading font information for U+msb on input line 19.

(/h0a/stow/swtree/stow/texlive/tl2010/texmf-dist/tex/latex/amsfonts/umsb.fd
File: umsb.fd 2009/06/22 v3.00 AMS symbols B
)
[1

{/h0a/stow/swtree/stow/texlive/tl2010/texmf-var/fonts/map/pdftex/updmap/pdftex.
map}] [2]
Overfull \hbox (1.9237pt too wide) in paragraph at lines 122--129
\OT1/cmr/m/n/12 most re-cent al-go-rithms can au-to-mat-i-cally find bound-arie
s of hap-lo-type blocks,
 []

[3] [4]
Overfull \hbox (29.55164pt too wide) in paragraph at lines 276--289
\OT1/cmr/m/n/12 tain geno-types $\OML/cmm/m/it/12 X[]; X[]; [] ; X[]; X[]$ \OT1
/cmr/m/n/12 for con-trols and $\OML/cmm/m/it/12 X[]; X[]; [] ; X[]; X[]$
 []

[5]

LaTeX Warning: Citation `Morris1998' on page 6 undefined on input line 303.

[6] [7] [8] [9] [10] <impute_fig1.pdf, id=49, 722.7pt x 542.025pt>
File: impute_fig1.pdf Graphic file (type pdf)

<use impute_fig1.pdf> <impute_fig2.pdf, id=50, 722.7pt x 542.025pt>
File: impute_fig2.pdf Graphic file (type pdf)

<use impute_fig2.pdf>

LaTeX Warning: `h' float specifier changed to `ht'.

[11 <./impute_fig1.pdf>] [12 <./impute_fig2.pdf>]
<impute_fig3.pdf, id=107, 722.7pt x 542.025pt>
File: impute_fig3.pdf Graphic file (type pdf)
 <use impute_fig3.pdf>

LaTeX Warning: `h' float specifier changed to `ht'.

[13] [14 <./impute_fig3.pdf>]
LaTeX Font Info:    Try loading font information for OMS+cmr on input line 696.


(/h0a/stow/swtree/stow/texlive/tl2010/texmf-dist/tex/latex/base/omscmr.fd
File: omscmr.fd 1999/05/25 v2.5h Standard LaTeX font definitions
)
LaTeX Font Info:    Font shape `OMS/cmr/m/n' in size <12> not available
(Font)              Font shape `OMS/cmsy/m/n' tried instead on input line 696.

[15] [16] [17]
Overfull \hbox (0.54872pt too wide) in paragraph at lines 829--833
[]\OT1/cmr/m/n/12 Under the hy-per-ge-o-met-ric sam-pling as-sump-tion, we pro-
vide up-per bounds
 []

[18] [19] [20] [21]
Overfull \hbox (2.13754pt too wide) in paragraph at lines 1033--1036
[]\OT1/cmr/m/n/12 From im-puted geno-types $[]\OML/cmm/m/it/12 ; [] ; []$\OT1/c
mr/m/n/12 , ob-tain im-puted $\OML/cmm/m/it/12 p$\OT1/cmr/m/n/12 -values $[]\OM
L/cmm/m/it/12 ; [] ; []$\OT1/cmr/m/n/12 . 
 []

<impute_g1.pdf, id=237, 505.89pt x 505.89pt>
File: impute_g1.pdf Graphic file (type pdf)
 <use impute_g1.pdf>
<impute_g2.pdf, id=238, 505.89pt x 505.89pt>
File: impute_g2.pdf Graphic file (type pdf)
 <use impute_g2.pdf>
<impute_g3.pdf, id=239, 505.89pt x 505.89pt>
File: impute_g3.pdf Graphic file (type pdf)
 <use impute_g3.pdf>

LaTeX Warning: `h' float specifier changed to `ht'.

[22] <impute_g4.pdf, id=244, 505.89pt x 505.89pt>
File: impute_g4.pdf Graphic file (type pdf)
 <use impute_g4.pdf>
<impute_g5.pdf, id=245, 505.89pt x 505.89pt>
File: impute_g5.pdf Graphic file (type pdf)
 <use impute_g5.pdf>
<impute_g6.pdf, id=246, 505.89pt x 505.89pt>
File: impute_g6.pdf Graphic file (type pdf)
 <use impute_g6.pdf>

LaTeX Warning: `h' float specifier changed to `ht'.


Overfull \hbox (23.80469pt too wide) in paragraph at lines 1115--1127
[]
 []

[23 <./impute_g1.pdf> <./impute_g2.pdf> <./impute_g3.pdf>]
Overfull \hbox (32.29071pt too wide) in paragraph at lines 1135--1148
[]
 []


Overfull \hbox (23.80469pt too wide) in paragraph at lines 1159--1169
[] 
 []

[24 <./impute_g4.pdf> <./impute_g5.pdf> <./impute_g6.pdf>]
<impute_g7.pdf, id=291, 505.89pt x 505.89pt>
File: impute_g7.pdf Graphic file (type pdf)
 <use impute_g7.pdf>
<impute_g8.pdf, id=292, 505.89pt x 505.89pt>
File: impute_g8.pdf Graphic file (type pdf)
 <use impute_g8.pdf>
<impute_g9.pdf, id=293, 505.89pt x 505.89pt>
File: impute_g9.pdf Graphic file (type pdf)
 <use impute_g9.pdf>
Overfull \hbox (28.0477pt too wide) in paragraph at lines 1196--1206
[] 
 []

[25 <./impute_g7.pdf> <./impute_g8.pdf> <./impute_g9.pdf>] (./impute.bbl
[26] [27]) [28] (./impute.aux)

LaTeX Warning: There were undefined references.

 ) 
Here is how much of TeX's memory you used:
 3102 strings out of 493738
 43037 string characters out of 3135951
 103667 words of memory out of 3000000
 6324 multiletter control sequences out of 15000+200000
 14494 words of font info for 55 fonts, out of 3000000 for 9000
 714 hyphenation exceptions out of 8191
 38i,9n,43p,476b,225s stack positions out of 5000i,500n,10000p,200000b,50000s
</h0a/stow/swtree/stow/texlive/tl2010/texmf-dist/fonts/type1/public/amsfonts/
cm/cmbx10.pfb></h0a/stow/swtree/stow/texlive/tl2010/texmf-dist/fonts/type1/publ
ic/amsfonts/cm/cmbx12.pfb></h0a/stow/swtree/stow/texlive/tl2010/texmf-dist/font
s/type1/public/amsfonts/cm/cmex10.pfb></h0a/stow/swtree/stow/texlive/tl2010/tex
mf-dist/fonts/type1/public/amsfonts/cm/cmmi12.pfb></h0a/stow/swtree/stow/texliv
e/tl2010/texmf-dist/fonts/type1/public/amsfonts/cm/cmmi6.pfb></h0a/stow/swtree/
stow/texlive/tl2010/texmf-dist/fonts/type1/public/amsfonts/cm/cmmi8.pfb></h0a/s
tow/swtree/stow/texlive/tl2010/texmf-dist/fonts/type1/public/amsfonts/cm/cmr10.
pfb></h0a/stow/swtree/stow/texlive/tl2010/texmf-dist/fonts/type1/public/amsfont
s/cm/cmr12.pfb></h0a/stow/swtree/stow/texlive/tl2010/texmf-dist/fonts/type1/pub
lic/amsfonts/cm/cmr17.pfb></h0a/stow/swtree/stow/texlive/tl2010/texmf-dist/font
s/type1/public/amsfonts/cm/cmr6.pfb></h0a/stow/swtree/stow/texlive/tl2010/texmf
-dist/fonts/type1/public/amsfonts/cm/cmr8.pfb></h0a/stow/swtree/stow/texlive/tl
2010/texmf-dist/fonts/type1/public/amsfonts/cm/cmsy10.pfb></h0a/stow/swtree/sto
w/texlive/tl2010/texmf-dist/fonts/type1/public/amsfonts/cm/cmsy8.pfb></h0a/stow
/swtree/stow/texlive/tl2010/texmf-dist/fonts/type1/public/amsfonts/cm/cmti10.pf
b></h0a/stow/swtree/stow/texlive/tl2010/texmf-dist/fonts/type1/public/amsfonts/
cm/cmti12.pfb></h0a/stow/swtree/stow/texlive/tl2010/texmf-dist/fonts/type1/publ
ic/amsfonts/cm/cmtt12.pfb>
Output written on impute.pdf (28 pages, 452385 bytes).
PDF statistics:
 377 PDF objects out of 1000 (max. 8388607)
 251 compressed objects within 3 object streams
 0 named destinations out of 1000 (max. 500000)
 61 words of extra memory for PDF output out of 10000 (max. 10000000)

